md5s is [C3F4336893A84C4DBDDACB3ED4B614FA, A814A8F34E7F456B56A961D431D3635C, 2B53563BD76CA445053D92352952984E, d41d8cd98f00b204e9800998ecf8427e]
d:\data\.git
d:\data\.git\hooks
d:\data\.git\info
d:\data\.git\logs
d:\data\.git\logs\refs
d:\data\.git\logs\refs\heads
d:\data\.git\logs\refs\remotes
d:\data\.git\logs\refs\remotes\origin
d:\data\.git\objects
d:\data\.git\objects\01
d:\data\.git\objects\03
d:\data\.git\objects\05
d:\data\.git\objects\06
d:\data\.git\objects\0c
d:\data\.git\objects\13
d:\data\.git\objects\14
d:\data\.git\objects\16
d:\data\.git\objects\19
d:\data\.git\objects\1d
d:\data\.git\objects\25
d:\data\.git\objects\28
d:\data\.git\objects\29
d:\data\.git\objects\2a
d:\data\.git\objects\2b
d:\data\.git\objects\2c
d:\data\.git\objects\2e
d:\data\.git\objects\30
d:\data\.git\objects\32
d:\data\.git\objects\33
d:\data\.git\objects\34
d:\data\.git\objects\37
d:\data\.git\objects\38
d:\data\.git\objects\3c
d:\data\.git\objects\3f
d:\data\.git\objects\41
d:\data\.git\objects\42
d:\data\.git\objects\47
d:\data\.git\objects\48
d:\data\.git\objects\49
d:\data\.git\objects\4a
d:\data\.git\objects\4c
d:\data\.git\objects\50
d:\data\.git\objects\51
d:\data\.git\objects\53
d:\data\.git\objects\54
d:\data\.git\objects\57
d:\data\.git\objects\59
d:\data\.git\objects\5a
d:\data\.git\objects\5b
d:\data\.git\objects\60
d:\data\.git\objects\61
d:\data\.git\objects\62
d:\data\.git\objects\64
d:\data\.git\objects\66
d:\data\.git\objects\67
d:\data\.git\objects\68
d:\data\.git\objects\6b
d:\data\.git\objects\6d
d:\data\.git\objects\71
d:\data\.git\objects\73
d:\data\.git\objects\7c
d:\data\.git\objects\7d
d:\data\.git\objects\82
d:\data\.git\objects\84
d:\data\.git\objects\85
d:\data\.git\objects\88
d:\data\.git\objects\89
d:\data\.git\objects\8b
d:\data\.git\objects\8c
d:\data\.git\objects\8f
d:\data\.git\objects\90
d:\data\.git\objects\91
d:\data\.git\objects\92
d:\data\.git\objects\96
d:\data\.git\objects\97
d:\data\.git\objects\98
d:\data\.git\objects\9b
d:\data\.git\objects\9d
d:\data\.git\objects\a2
d:\data\.git\objects\a3
d:\data\.git\objects\a6
d:\data\.git\objects\a7
d:\data\.git\objects\ac
d:\data\.git\objects\b2
d:\data\.git\objects\b3
d:\data\.git\objects\b5
d:\data\.git\objects\ba
d:\data\.git\objects\bb
d:\data\.git\objects\bc
d:\data\.git\objects\bd
d:\data\.git\objects\c0
d:\data\.git\objects\c2
d:\data\.git\objects\c3
d:\data\.git\objects\c4
d:\data\.git\objects\c5
d:\data\.git\objects\c6
d:\data\.git\objects\ce
d:\data\.git\objects\d4
d:\data\.git\objects\d5
d:\data\.git\objects\d7
d:\data\.git\objects\d9
d:\data\.git\objects\dc
d:\data\.git\objects\dd
d:\data\.git\objects\df
d:\data\.git\objects\e0
d:\data\.git\objects\e1
d:\data\.git\objects\e2
d:\data\.git\objects\e3
d:\data\.git\objects\e5
d:\data\.git\objects\e9
d:\data\.git\objects\ed
d:\data\.git\objects\ef
d:\data\.git\objects\f2
d:\data\.git\objects\f3
d:\data\.git\objects\f5
d:\data\.git\objects\f9
d:\data\.git\objects\fa
d:\data\.git\objects\fc
d:\data\.git\objects\fe
d:\data\.git\objects\ff
d:\data\.git\objects\info
d:\data\.git\objects\pack
d:\data\.git\refs
d:\data\.git\refs\heads
d:\data\.git\refs\remotes
d:\data\.git\refs\remotes\origin
d:\data\.git\refs\tags
d:\data\agent
d:\data\cmd
d:\data\config
d:\data\config\nginx
d:\data\config\tomcat
d:\data\config\tomcat\config
d:\data\config\tomcat\config\Catalina
d:\data\config\tomcat\config\Catalina\localhost
d:\data\config\tomcat\config\Catalina\localhost\backup
d:\data\database
d:\data\db
d:\data\download
d:\data\lhug
d:\data\lib
d:\data\lib\dubbo
d:\data\lib\dubbo\spring
d:\data\lib\dubbo\spring\3.2.5
d:\data\lib\dubbo\spring\5.0.2
d:\data\logs
d:\data\md5
d:\data\plan
d:\data\report
d:\data\report\first
d:\data\report\gen
d:\data\report\second
d:\data\report\three
d:\data\springcloud
d:\data\springcloud\project
d:\data\swagger
d:\data\swagger\css
d:\data\swagger\fonts
d:\data\swagger\images
d:\data\swagger\lang
d:\data\swagger\lib
d:\data\tmp
d:\data\tmp\zookeeper
d:\data\tmp\zookeeper\data
d:\data\tmp\zookeeper\data\logs
d:\data\tmp\zookeeper\data\logs\version-2
d:\data\tmp\zookeeper\data\version-2
查找结束...请查看日志目录D:\chenyb\myproject\finally\doc\shell\jdk\project1\output\md5.log
md5s is [C3F4336893A84C4DBDDACB3ED4B614FA, A814A8F34E7F456B56A961D431D3635C, 2B53563BD76CA445053D92352952984E, d41d8cd98f00b204e9800998ecf8427e]
d:\data\.git
d:\data\.git\hooks
d:\data\.git\info
d:\data\.git\logs
d:\data\.git\logs\refs
d:\data\.git\logs\refs\heads
d:\data\.git\logs\refs\remotes
d:\data\.git\logs\refs\remotes\origin
d:\data\.git\objects
d:\data\.git\objects\01
d:\data\.git\objects\03
d:\data\.git\objects\05
d:\data\.git\objects\06
d:\data\.git\objects\0c
d:\data\.git\objects\13
d:\data\.git\objects\14
d:\data\.git\objects\16
d:\data\.git\objects\19
d:\data\.git\objects\1d
d:\data\.git\objects\25
d:\data\.git\objects\28
d:\data\.git\objects\29
d:\data\.git\objects\2a
d:\data\.git\objects\2b
d:\data\.git\objects\2c
d:\data\.git\objects\2e
d:\data\.git\objects\30
d:\data\.git\objects\32
d:\data\.git\objects\33
d:\data\.git\objects\34
d:\data\.git\objects\37
d:\data\.git\objects\38
d:\data\.git\objects\3c
d:\data\.git\objects\3f
d:\data\.git\objects\41
d:\data\.git\objects\42
d:\data\.git\objects\47
d:\data\.git\objects\48
d:\data\.git\objects\49
d:\data\.git\objects\4a
d:\data\.git\objects\4c
d:\data\.git\objects\50
d:\data\.git\objects\51
d:\data\.git\objects\53
d:\data\.git\objects\54
d:\data\.git\objects\57
d:\data\.git\objects\59
d:\data\.git\objects\5a
d:\data\.git\objects\5b
d:\data\.git\objects\60
d:\data\.git\objects\61
d:\data\.git\objects\62
d:\data\.git\objects\64
d:\data\.git\objects\66
d:\data\.git\objects\67
d:\data\.git\objects\68
d:\data\.git\objects\6b
d:\data\.git\objects\6d
d:\data\.git\objects\71
d:\data\.git\objects\73
d:\data\.git\objects\7c
d:\data\.git\objects\7d
d:\data\.git\objects\82
d:\data\.git\objects\84
d:\data\.git\objects\85
d:\data\.git\objects\88
d:\data\.git\objects\89
d:\data\.git\objects\8b
d:\data\.git\objects\8c
d:\data\.git\objects\8f
d:\data\.git\objects\90
d:\data\.git\objects\91
d:\data\.git\objects\92
d:\data\.git\objects\96
d:\data\.git\objects\97
d:\data\.git\objects\98
d:\data\.git\objects\9b
d:\data\.git\objects\9d
d:\data\.git\objects\a2
d:\data\.git\objects\a3
d:\data\.git\objects\a6
d:\data\.git\objects\a7
d:\data\.git\objects\ac
d:\data\.git\objects\b2
d:\data\.git\objects\b3
d:\data\.git\objects\b5
d:\data\.git\objects\ba
d:\data\.git\objects\bb
d:\data\.git\objects\bc
d:\data\.git\objects\bd
d:\data\.git\objects\c0
d:\data\.git\objects\c2
d:\data\.git\objects\c3
d:\data\.git\objects\c4
d:\data\.git\objects\c5
d:\data\.git\objects\c6
d:\data\.git\objects\ce
d:\data\.git\objects\d4
d:\data\.git\objects\d5
d:\data\.git\objects\d7
d:\data\.git\objects\d9
d:\data\.git\objects\dc
d:\data\.git\objects\dd
d:\data\.git\objects\df
d:\data\.git\objects\e0
d:\data\.git\objects\e1
d:\data\.git\objects\e2
d:\data\.git\objects\e3
d:\data\.git\objects\e5
d:\data\.git\objects\e9
d:\data\.git\objects\ed
d:\data\.git\objects\ef
d:\data\.git\objects\f2
d:\data\.git\objects\f3
d:\data\.git\objects\f5
d:\data\.git\objects\f9
d:\data\.git\objects\fa
d:\data\.git\objects\fc
d:\data\.git\objects\fe
d:\data\.git\objects\ff
d:\data\.git\objects\info
d:\data\.git\objects\pack
d:\data\.git\refs
d:\data\.git\refs\heads
d:\data\.git\refs\remotes
d:\data\.git\refs\remotes\origin
d:\data\.git\refs\tags
d:\data\agent
d:\data\cmd
d:\data\config
d:\data\config\nginx
d:\data\config\tomcat
d:\data\config\tomcat\config
d:\data\config\tomcat\config\Catalina
d:\data\config\tomcat\config\Catalina\localhost
d:\data\config\tomcat\config\Catalina\localhost\backup
d:\data\database
d:\data\db
d:\data\download
d:\data\lhug
d:\data\lib
d:\data\lib\dubbo
d:\data\lib\dubbo\spring
d:\data\lib\dubbo\spring\3.2.5
d:\data\lib\dubbo\spring\5.0.2
d:\data\logs
d:\data\md5
d:\data\plan
d:\data\report
d:\data\report\first
d:\data\report\gen
d:\data\report\second
d:\data\report\three
d:\data\springcloud
d:\data\springcloud\project
d:\data\swagger
d:\data\swagger\css
d:\data\swagger\fonts
d:\data\swagger\images
d:\data\swagger\lang
d:\data\swagger\lib
d:\data\tmp
d:\data\tmp\zookeeper
d:\data\tmp\zookeeper\data
d:\data\tmp\zookeeper\data\logs
d:\data\tmp\zookeeper\data\logs\version-2
d:\data\tmp\zookeeper\data\version-2
查找结束...请查看日志目录D:\chenyb\myproject\finally\doc\shell\jdk\project1\output\md5.log
md5s is [C3F4336893A84C4DBDDACB3ED4B614FA, A814A8F34E7F456B56A961D431D3635C, 2B53563BD76CA445053D92352952984E, d41d8cd98f00b204e9800998ecf8427e]
d:\data\.git
d:\data\.git\hooks
d:\data\.git\info
d:\data\.git\logs
d:\data\.git\logs\refs
d:\data\.git\logs\refs\heads
d:\data\.git\logs\refs\remotes
d:\data\.git\logs\refs\remotes\origin
d:\data\.git\objects
d:\data\.git\objects\01
d:\data\.git\objects\03
d:\data\.git\objects\05
d:\data\.git\objects\06
d:\data\.git\objects\0c
d:\data\.git\objects\13
d:\data\.git\objects\14
d:\data\.git\objects\16
d:\data\.git\objects\19
d:\data\.git\objects\1d
d:\data\.git\objects\25
d:\data\.git\objects\28
d:\data\.git\objects\29
d:\data\.git\objects\2a
d:\data\.git\objects\2b
d:\data\.git\objects\2c
d:\data\.git\objects\2e
d:\data\.git\objects\30
d:\data\.git\objects\32
d:\data\.git\objects\33
d:\data\.git\objects\34
d:\data\.git\objects\37
d:\data\.git\objects\38
d:\data\.git\objects\3c
d:\data\.git\objects\3f
d:\data\.git\objects\41
d:\data\.git\objects\42
d:\data\.git\objects\47
d:\data\.git\objects\48
d:\data\.git\objects\49
d:\data\.git\objects\4a
d:\data\.git\objects\4c
d:\data\.git\objects\50
d:\data\.git\objects\51
d:\data\.git\objects\53
d:\data\.git\objects\54
d:\data\.git\objects\57
d:\data\.git\objects\59
d:\data\.git\objects\5a
d:\data\.git\objects\5b
d:\data\.git\objects\60
d:\data\.git\objects\61
d:\data\.git\objects\62
d:\data\.git\objects\64
d:\data\.git\objects\66
d:\data\.git\objects\67
d:\data\.git\objects\68
d:\data\.git\objects\6b
d:\data\.git\objects\6d
d:\data\.git\objects\71
d:\data\.git\objects\73
d:\data\.git\objects\7c
d:\data\.git\objects\7d
d:\data\.git\objects\82
d:\data\.git\objects\84
d:\data\.git\objects\85
d:\data\.git\objects\88
d:\data\.git\objects\89
d:\data\.git\objects\8b
d:\data\.git\objects\8c
d:\data\.git\objects\8f
d:\data\.git\objects\90
d:\data\.git\objects\91
d:\data\.git\objects\92
d:\data\.git\objects\96
d:\data\.git\objects\97
d:\data\.git\objects\98
d:\data\.git\objects\9b
d:\data\.git\objects\9d
d:\data\.git\objects\a2
d:\data\.git\objects\a3
d:\data\.git\objects\a6
d:\data\.git\objects\a7
d:\data\.git\objects\ac
d:\data\.git\objects\b2
d:\data\.git\objects\b3
d:\data\.git\objects\b5
d:\data\.git\objects\ba
d:\data\.git\objects\bb
d:\data\.git\objects\bc
d:\data\.git\objects\bd
d:\data\.git\objects\c0
d:\data\.git\objects\c2
d:\data\.git\objects\c3
d:\data\.git\objects\c4
d:\data\.git\objects\c5
d:\data\.git\objects\c6
d:\data\.git\objects\ce
d:\data\.git\objects\d4
d:\data\.git\objects\d5
d:\data\.git\objects\d7
d:\data\.git\objects\d9
d:\data\.git\objects\dc
d:\data\.git\objects\dd
d:\data\.git\objects\df
d:\data\.git\objects\e0
d:\data\.git\objects\e1
d:\data\.git\objects\e2
d:\data\.git\objects\e3
d:\data\.git\objects\e5
d:\data\.git\objects\e9
d:\data\.git\objects\ed
d:\data\.git\objects\ef
d:\data\.git\objects\f2
d:\data\.git\objects\f3
d:\data\.git\objects\f5
d:\data\.git\objects\f9
d:\data\.git\objects\fa
d:\data\.git\objects\fc
d:\data\.git\objects\fe
d:\data\.git\objects\ff
d:\data\.git\objects\info
d:\data\.git\objects\pack
d:\data\.git\refs
d:\data\.git\refs\heads
d:\data\.git\refs\remotes
d:\data\.git\refs\remotes\origin
d:\data\.git\refs\tags
d:\data\agent
d:\data\cmd
d:\data\config
d:\data\config\nginx
d:\data\config\tomcat
d:\data\config\tomcat\config
d:\data\config\tomcat\config\Catalina
d:\data\config\tomcat\config\Catalina\localhost
d:\data\config\tomcat\config\Catalina\localhost\backup
d:\data\database
d:\data\db
d:\data\download
d:\data\lhug
d:\data\lib
d:\data\lib\dubbo
d:\data\lib\dubbo\spring
d:\data\lib\dubbo\spring\3.2.5
d:\data\lib\dubbo\spring\5.0.2
d:\data\logs
d:\data\md5
d:\data\plan
d:\data\report
d:\data\report\first
d:\data\report\gen
d:\data\report\second
d:\data\report\three
d:\data\springcloud
d:\data\springcloud\project
d:\data\swagger
d:\data\swagger\css
d:\data\swagger\fonts
d:\data\swagger\images
d:\data\swagger\lang
d:\data\swagger\lib
d:\data\tmp
d:\data\tmp\zookeeper
d:\data\tmp\zookeeper\data
d:\data\tmp\zookeeper\data\logs
d:\data\tmp\zookeeper\data\logs\version-2
d:\data\tmp\zookeeper\data\version-2
查找结束...请查看日志目录D:\chenyb\myproject\finally\doc\shell\jdk\project1\output\md5.log
md5s is [C3F4336893A84C4DBDDACB3ED4B614FA, A814A8F34E7F456B56A961D431D3635C, 2B53563BD76CA445053D92352952984E, d41d8cd98f00b204e9800998ecf8427e]
d:\data\.git
d:\data\.git\hooks
d:\data\.git\info
d:\data\.git\logs
d:\data\.git\logs\refs
d:\data\.git\logs\refs\heads
d:\data\.git\logs\refs\remotes
d:\data\.git\logs\refs\remotes\origin
d:\data\.git\objects
d:\data\.git\objects\01
d:\data\.git\objects\03
d:\data\.git\objects\05
d:\data\.git\objects\06
d:\data\.git\objects\0c
d:\data\.git\objects\13
d:\data\.git\objects\14
d:\data\.git\objects\16
d:\data\.git\objects\19
d:\data\.git\objects\1d
d:\data\.git\objects\25
d:\data\.git\objects\28
d:\data\.git\objects\29
d:\data\.git\objects\2a
d:\data\.git\objects\2b
d:\data\.git\objects\2c
d:\data\.git\objects\2e
d:\data\.git\objects\30
d:\data\.git\objects\32
d:\data\.git\objects\33
d:\data\.git\objects\34
d:\data\.git\objects\37
d:\data\.git\objects\38
d:\data\.git\objects\3c
d:\data\.git\objects\3f
d:\data\.git\objects\41
d:\data\.git\objects\42
d:\data\.git\objects\47
d:\data\.git\objects\48
d:\data\.git\objects\49
d:\data\.git\objects\4a
d:\data\.git\objects\4c
d:\data\.git\objects\50
d:\data\.git\objects\51
d:\data\.git\objects\53
d:\data\.git\objects\54
d:\data\.git\objects\57
d:\data\.git\objects\59
d:\data\.git\objects\5a
d:\data\.git\objects\5b
d:\data\.git\objects\60
d:\data\.git\objects\61
d:\data\.git\objects\62
d:\data\.git\objects\64
d:\data\.git\objects\66
d:\data\.git\objects\67
d:\data\.git\objects\68
d:\data\.git\objects\6b
d:\data\.git\objects\6d
d:\data\.git\objects\71
d:\data\.git\objects\73
d:\data\.git\objects\7c
d:\data\.git\objects\7d
d:\data\.git\objects\82
d:\data\.git\objects\84
d:\data\.git\objects\85
d:\data\.git\objects\88
d:\data\.git\objects\89
d:\data\.git\objects\8b
d:\data\.git\objects\8c
d:\data\.git\objects\8f
d:\data\.git\objects\90
d:\data\.git\objects\91
d:\data\.git\objects\92
d:\data\.git\objects\96
d:\data\.git\objects\97
d:\data\.git\objects\98
d:\data\.git\objects\9b
d:\data\.git\objects\9d
d:\data\.git\objects\a2
d:\data\.git\objects\a3
d:\data\.git\objects\a6
d:\data\.git\objects\a7
d:\data\.git\objects\ac
d:\data\.git\objects\b2
d:\data\.git\objects\b3
d:\data\.git\objects\b5
d:\data\.git\objects\ba
d:\data\.git\objects\bb
d:\data\.git\objects\bc
d:\data\.git\objects\bd
d:\data\.git\objects\c0
d:\data\.git\objects\c2
d:\data\.git\objects\c3
d:\data\.git\objects\c4
d:\data\.git\objects\c5
d:\data\.git\objects\c6
d:\data\.git\objects\ce
d:\data\.git\objects\d4
d:\data\.git\objects\d5
d:\data\.git\objects\d7
d:\data\.git\objects\d9
d:\data\.git\objects\dc
d:\data\.git\objects\dd
d:\data\.git\objects\df
d:\data\.git\objects\e0
d:\data\.git\objects\e1
d:\data\.git\objects\e2
d:\data\.git\objects\e3
d:\data\.git\objects\e5
d:\data\.git\objects\e9
d:\data\.git\objects\ed
d:\data\.git\objects\ef
d:\data\.git\objects\f2
d:\data\.git\objects\f3
d:\data\.git\objects\f5
d:\data\.git\objects\f9
d:\data\.git\objects\fa
d:\data\.git\objects\fc
d:\data\.git\objects\fe
d:\data\.git\objects\ff
d:\data\.git\objects\info
d:\data\.git\objects\pack
d:\data\.git\refs
d:\data\.git\refs\heads
d:\data\.git\refs\remotes
d:\data\.git\refs\remotes\origin
d:\data\.git\refs\tags
d:\data\agent
d:\data\cmd
d:\data\config
d:\data\config\nginx
d:\data\config\tomcat
d:\data\config\tomcat\config
d:\data\config\tomcat\config\Catalina
d:\data\config\tomcat\config\Catalina\localhost
d:\data\config\tomcat\config\Catalina\localhost\backup
d:\data\database
d:\data\db
d:\data\download
d:\data\lhug
d:\data\lib
d:\data\lib\dubbo
d:\data\lib\dubbo\spring
d:\data\lib\dubbo\spring\3.2.5
d:\data\lib\dubbo\spring\5.0.2
d:\data\logs
d:\data\md5
d:\data\plan
d:\data\report
d:\data\report\first
d:\data\report\gen
d:\data\report\second
d:\data\report\three
d:\data\springcloud
d:\data\springcloud\project
d:\data\swagger
d:\data\swagger\css
d:\data\swagger\fonts
d:\data\swagger\images
d:\data\swagger\lang
d:\data\swagger\lib
d:\data\tmp
d:\data\tmp\zookeeper
d:\data\tmp\zookeeper\data
d:\data\tmp\zookeeper\data\logs
d:\data\tmp\zookeeper\data\logs\version-2
d:\data\tmp\zookeeper\data\version-2
查找结束...请查看日志目录D:\chenyb\myproject\finally\doc\shell\jdk\project1\output\md5.log
md5s is [C3F4336893A84C4DBDDACB3ED4B614FA, A814A8F34E7F456B56A961D431D3635C, 2B53563BD76CA445053D92352952984E, d41d8cd98f00b204e9800998ecf8427e]
d:\data\.git
d:\data\.git\hooks
d:\data\.git\info
d:\data\.git\logs
d:\data\.git\logs\refs
d:\data\.git\logs\refs\heads
d:\data\.git\logs\refs\remotes
d:\data\.git\logs\refs\remotes\origin
d:\data\.git\objects
d:\data\.git\objects\01
d:\data\.git\objects\03
d:\data\.git\objects\05
d:\data\.git\objects\06
d:\data\.git\objects\0c
d:\data\.git\objects\13
d:\data\.git\objects\14
d:\data\.git\objects\16
d:\data\.git\objects\19
d:\data\.git\objects\1d
d:\data\.git\objects\25
d:\data\.git\objects\28
d:\data\.git\objects\29
d:\data\.git\objects\2a
d:\data\.git\objects\2b
d:\data\.git\objects\2c
d:\data\.git\objects\2e
d:\data\.git\objects\30
d:\data\.git\objects\32
d:\data\.git\objects\33
d:\data\.git\objects\34
d:\data\.git\objects\37
d:\data\.git\objects\38
d:\data\.git\objects\3c
d:\data\.git\objects\3f
d:\data\.git\objects\41
d:\data\.git\objects\42
d:\data\.git\objects\47
d:\data\.git\objects\48
d:\data\.git\objects\49
d:\data\.git\objects\4a
d:\data\.git\objects\4c
d:\data\.git\objects\50
d:\data\.git\objects\51
d:\data\.git\objects\53
d:\data\.git\objects\54
d:\data\.git\objects\57
d:\data\.git\objects\59
d:\data\.git\objects\5a
d:\data\.git\objects\5b
d:\data\.git\objects\60
d:\data\.git\objects\61
d:\data\.git\objects\62
d:\data\.git\objects\64
d:\data\.git\objects\66
d:\data\.git\objects\67
d:\data\.git\objects\68
d:\data\.git\objects\6b
d:\data\.git\objects\6d
d:\data\.git\objects\71
d:\data\.git\objects\73
d:\data\.git\objects\7c
d:\data\.git\objects\7d
d:\data\.git\objects\82
d:\data\.git\objects\84
d:\data\.git\objects\85
d:\data\.git\objects\88
d:\data\.git\objects\89
d:\data\.git\objects\8b
d:\data\.git\objects\8c
d:\data\.git\objects\8f
d:\data\.git\objects\90
d:\data\.git\objects\91
d:\data\.git\objects\92
d:\data\.git\objects\96
d:\data\.git\objects\97
d:\data\.git\objects\98
d:\data\.git\objects\9b
d:\data\.git\objects\9d
d:\data\.git\objects\a2
d:\data\.git\objects\a3
d:\data\.git\objects\a6
d:\data\.git\objects\a7
d:\data\.git\objects\ac
d:\data\.git\objects\b2
d:\data\.git\objects\b3
d:\data\.git\objects\b5
d:\data\.git\objects\ba
d:\data\.git\objects\bb
d:\data\.git\objects\bc
d:\data\.git\objects\bd
d:\data\.git\objects\c0
d:\data\.git\objects\c2
d:\data\.git\objects\c3
d:\data\.git\objects\c4
d:\data\.git\objects\c5
d:\data\.git\objects\c6
d:\data\.git\objects\ce
d:\data\.git\objects\d4
d:\data\.git\objects\d5
d:\data\.git\objects\d7
d:\data\.git\objects\d9
d:\data\.git\objects\dc
d:\data\.git\objects\dd
d:\data\.git\objects\df
d:\data\.git\objects\e0
d:\data\.git\objects\e1
d:\data\.git\objects\e2
d:\data\.git\objects\e3
d:\data\.git\objects\e5
d:\data\.git\objects\e9
d:\data\.git\objects\ed
d:\data\.git\objects\ef
d:\data\.git\objects\f2
d:\data\.git\objects\f3
d:\data\.git\objects\f5
d:\data\.git\objects\f9
d:\data\.git\objects\fa
d:\data\.git\objects\fc
d:\data\.git\objects\fe
d:\data\.git\objects\ff
d:\data\.git\objects\info
d:\data\.git\objects\pack
d:\data\.git\refs
d:\data\.git\refs\heads
d:\data\.git\refs\remotes
d:\data\.git\refs\remotes\origin
d:\data\.git\refs\tags
d:\data\agent
d:\data\cmd
d:\data\config
d:\data\config\nginx
d:\data\config\tomcat
d:\data\config\tomcat\config
d:\data\config\tomcat\config\Catalina
d:\data\config\tomcat\config\Catalina\localhost
d:\data\config\tomcat\config\Catalina\localhost\backup
d:\data\database
d:\data\db
d:\data\download
d:\data\lhug
d:\data\lib
d:\data\lib\dubbo
d:\data\lib\dubbo\spring
d:\data\lib\dubbo\spring\3.2.5
d:\data\lib\dubbo\spring\5.0.2
d:\data\logs
d:\data\md5
d:\data\plan
d:\data\report
d:\data\report\first
d:\data\report\gen
d:\data\report\second
d:\data\report\three
d:\data\springcloud
d:\data\springcloud\project
d:\data\swagger
d:\data\swagger\css
d:\data\swagger\fonts
d:\data\swagger\images
d:\data\swagger\lang
d:\data\swagger\lib
d:\data\tmp
d:\data\tmp\zookeeper
d:\data\tmp\zookeeper\data
d:\data\tmp\zookeeper\data\logs
d:\data\tmp\zookeeper\data\logs\version-2
d:\data\tmp\zookeeper\data\version-2
查找结束...请查看日志目录D:\chenyb\myproject\finally\doc\shell\jdk\project1\output\md5.log
md5s is [C3F4336893A84C4DBDDACB3ED4B614FA, A814A8F34E7F456B56A961D431D3635C, 2B53563BD76CA445053D92352952984E, d41d8cd98f00b204e9800998ecf8427e]
d:\data\.git
d:\data\.git\hooks
d:\data\.git\info
d:\data\.git\logs
d:\data\.git\logs\refs
d:\data\.git\logs\refs\heads
d:\data\.git\logs\refs\remotes
d:\data\.git\logs\refs\remotes\origin
d:\data\.git\objects
d:\data\.git\objects\01
d:\data\.git\objects\03
d:\data\.git\objects\05
d:\data\.git\objects\06
d:\data\.git\objects\0c
d:\data\.git\objects\13
d:\data\.git\objects\14
d:\data\.git\objects\16
d:\data\.git\objects\19
d:\data\.git\objects\1d
d:\data\.git\objects\25
d:\data\.git\objects\28
d:\data\.git\objects\29
d:\data\.git\objects\2a
d:\data\.git\objects\2b
d:\data\.git\objects\2c
d:\data\.git\objects\2e
d:\data\.git\objects\30
d:\data\.git\objects\32
d:\data\.git\objects\33
d:\data\.git\objects\34
d:\data\.git\objects\37
d:\data\.git\objects\38
d:\data\.git\objects\3c
d:\data\.git\objects\3f
d:\data\.git\objects\41
d:\data\.git\objects\42
d:\data\.git\objects\47
d:\data\.git\objects\48
d:\data\.git\objects\49
d:\data\.git\objects\4a
d:\data\.git\objects\4c
d:\data\.git\objects\50
d:\data\.git\objects\51
d:\data\.git\objects\53
d:\data\.git\objects\54
d:\data\.git\objects\57
d:\data\.git\objects\59
d:\data\.git\objects\5a
d:\data\.git\objects\5b
d:\data\.git\objects\60
d:\data\.git\objects\61
d:\data\.git\objects\62
d:\data\.git\objects\64
d:\data\.git\objects\66
d:\data\.git\objects\67
d:\data\.git\objects\68
d:\data\.git\objects\6b
d:\data\.git\objects\6d
d:\data\.git\objects\71
d:\data\.git\objects\73
d:\data\.git\objects\7c
d:\data\.git\objects\7d
d:\data\.git\objects\82
d:\data\.git\objects\84
d:\data\.git\objects\85
d:\data\.git\objects\88
d:\data\.git\objects\89
d:\data\.git\objects\8b
d:\data\.git\objects\8c
d:\data\.git\objects\8f
d:\data\.git\objects\90
d:\data\.git\objects\91
d:\data\.git\objects\92
d:\data\.git\objects\96
d:\data\.git\objects\97
d:\data\.git\objects\98
d:\data\.git\objects\9b
d:\data\.git\objects\9d
d:\data\.git\objects\a2
d:\data\.git\objects\a3
d:\data\.git\objects\a6
d:\data\.git\objects\a7
d:\data\.git\objects\ac
d:\data\.git\objects\b2
d:\data\.git\objects\b3
d:\data\.git\objects\b5
d:\data\.git\objects\ba
d:\data\.git\objects\bb
d:\data\.git\objects\bc
d:\data\.git\objects\bd
d:\data\.git\objects\c0
d:\data\.git\objects\c2
d:\data\.git\objects\c3
d:\data\.git\objects\c4
d:\data\.git\objects\c5
d:\data\.git\objects\c6
d:\data\.git\objects\ce
d:\data\.git\objects\d4
d:\data\.git\objects\d5
d:\data\.git\objects\d7
d:\data\.git\objects\d9
d:\data\.git\objects\dc
d:\data\.git\objects\dd
d:\data\.git\objects\df
d:\data\.git\objects\e0
d:\data\.git\objects\e1
d:\data\.git\objects\e2
d:\data\.git\objects\e3
d:\data\.git\objects\e5
d:\data\.git\objects\e9
d:\data\.git\objects\ed
d:\data\.git\objects\ef
d:\data\.git\objects\f2
d:\data\.git\objects\f3
d:\data\.git\objects\f5
d:\data\.git\objects\f9
d:\data\.git\objects\fa
d:\data\.git\objects\fc
d:\data\.git\objects\fe
d:\data\.git\objects\ff
d:\data\.git\objects\info
d:\data\.git\objects\pack
d:\data\.git\refs
d:\data\.git\refs\heads
d:\data\.git\refs\remotes
d:\data\.git\refs\remotes\origin
d:\data\.git\refs\tags
d:\data\agent
d:\data\cmd
d:\data\config
d:\data\config\nginx
d:\data\config\tomcat
d:\data\config\tomcat\config
d:\data\config\tomcat\config\Catalina
d:\data\config\tomcat\config\Catalina\localhost
d:\data\config\tomcat\config\Catalina\localhost\backup
d:\data\database
d:\data\db
d:\data\download
d:\data\lhug
d:\data\lib
d:\data\lib\dubbo
d:\data\lib\dubbo\spring
d:\data\lib\dubbo\spring\3.2.5
d:\data\lib\dubbo\spring\5.0.2
d:\data\logs
d:\data\md5
d:\data\plan
d:\data\report
d:\data\report\first
d:\data\report\gen
d:\data\report\second
d:\data\report\three
d:\data\springcloud
d:\data\springcloud\project
d:\data\swagger
d:\data\swagger\css
d:\data\swagger\fonts
d:\data\swagger\images
d:\data\swagger\lang
d:\data\swagger\lib
d:\data\tmp
d:\data\tmp\zookeeper
d:\data\tmp\zookeeper\data
d:\data\tmp\zookeeper\data\logs
d:\data\tmp\zookeeper\data\logs\version-2
d:\data\tmp\zookeeper\data\version-2
尚未发现匹配项！
查找结束...请查看日志目录D:\chenyb\myproject\finally\doc\shell\jdk\project1\output\md5.log
md5s is [C3F4336893A84C4DBDDACB3ED4B614FA, A814A8F34E7F456B56A961D431D3635C, 2B53563BD76CA445053D92352952984E, d41d8cd98f00b204e9800998ecf8427e]
d:\data\.git
d:\data\.git\hooks
d:\data\.git\info
d:\data\.git\logs
d:\data\.git\logs\refs
d:\data\.git\logs\refs\heads
d:\data\.git\logs\refs\remotes
d:\data\.git\logs\refs\remotes\origin
d:\data\.git\objects
d:\data\.git\objects\01
d:\data\.git\objects\03
d:\data\.git\objects\05
d:\data\.git\objects\06
d:\data\.git\objects\0c
d:\data\.git\objects\13
d:\data\.git\objects\14
d:\data\.git\objects\16
d:\data\.git\objects\19
d:\data\.git\objects\1d
d:\data\.git\objects\25
d:\data\.git\objects\28
d:\data\.git\objects\29
d:\data\.git\objects\2a
d:\data\.git\objects\2b
d:\data\.git\objects\2c
d:\data\.git\objects\2e
d:\data\.git\objects\30
d:\data\.git\objects\32
d:\data\.git\objects\33
d:\data\.git\objects\34
d:\data\.git\objects\37
d:\data\.git\objects\38
d:\data\.git\objects\3c
d:\data\.git\objects\3f
d:\data\.git\objects\41
d:\data\.git\objects\42
d:\data\.git\objects\47
d:\data\.git\objects\48
d:\data\.git\objects\49
d:\data\.git\objects\4a
d:\data\.git\objects\4c
d:\data\.git\objects\50
d:\data\.git\objects\51
d:\data\.git\objects\53
d:\data\.git\objects\54
d:\data\.git\objects\57
d:\data\.git\objects\59
d:\data\.git\objects\5a
d:\data\.git\objects\5b
d:\data\.git\objects\60
d:\data\.git\objects\61
d:\data\.git\objects\62
d:\data\.git\objects\64
d:\data\.git\objects\66
d:\data\.git\objects\67
d:\data\.git\objects\68
d:\data\.git\objects\6b
d:\data\.git\objects\6d
d:\data\.git\objects\71
d:\data\.git\objects\73
d:\data\.git\objects\7c
d:\data\.git\objects\7d
d:\data\.git\objects\82
d:\data\.git\objects\84
d:\data\.git\objects\85
d:\data\.git\objects\88
d:\data\.git\objects\89
d:\data\.git\objects\8b
d:\data\.git\objects\8c
d:\data\.git\objects\8f
d:\data\.git\objects\90
d:\data\.git\objects\91
d:\data\.git\objects\92
d:\data\.git\objects\96
d:\data\.git\objects\97
d:\data\.git\objects\98
d:\data\.git\objects\9b
d:\data\.git\objects\9d
d:\data\.git\objects\a2
d:\data\.git\objects\a3
d:\data\.git\objects\a6
d:\data\.git\objects\a7
d:\data\.git\objects\ac
d:\data\.git\objects\b2
d:\data\.git\objects\b3
d:\data\.git\objects\b5
d:\data\.git\objects\ba
d:\data\.git\objects\bb
d:\data\.git\objects\bc
d:\data\.git\objects\bd
d:\data\.git\objects\c0
d:\data\.git\objects\c2
d:\data\.git\objects\c3
d:\data\.git\objects\c4
d:\data\.git\objects\c5
d:\data\.git\objects\c6
d:\data\.git\objects\ce
d:\data\.git\objects\d4
d:\data\.git\objects\d5
d:\data\.git\objects\d7
d:\data\.git\objects\d9
d:\data\.git\objects\dc
d:\data\.git\objects\dd
d:\data\.git\objects\df
d:\data\.git\objects\e0
d:\data\.git\objects\e1
d:\data\.git\objects\e2
d:\data\.git\objects\e3
d:\data\.git\objects\e5
d:\data\.git\objects\e9
d:\data\.git\objects\ed
d:\data\.git\objects\ef
d:\data\.git\objects\f2
d:\data\.git\objects\f3
d:\data\.git\objects\f5
d:\data\.git\objects\f9
d:\data\.git\objects\fa
d:\data\.git\objects\fc
d:\data\.git\objects\fe
d:\data\.git\objects\ff
d:\data\.git\objects\info
d:\data\.git\objects\pack
d:\data\.git\refs
d:\data\.git\refs\heads
d:\data\.git\refs\remotes
d:\data\.git\refs\remotes\origin
d:\data\.git\refs\tags
d:\data\agent
d:\data\cmd
d:\data\config
d:\data\config\nginx
d:\data\config\tomcat
d:\data\config\tomcat\config
d:\data\config\tomcat\config\Catalina
d:\data\config\tomcat\config\Catalina\localhost
d:\data\config\tomcat\config\Catalina\localhost\backup
d:\data\database
d:\data\db
d:\data\download
d:\data\lhug
d:\data\lib
d:\data\lib\dubbo
d:\data\lib\dubbo\spring
d:\data\lib\dubbo\spring\3.2.5
d:\data\lib\dubbo\spring\5.0.2
d:\data\logs
d:\data\md5
d:\data\plan
d:\data\report
d:\data\report\first
d:\data\report\gen
d:\data\report\second
d:\data\report\three
d:\data\springcloud
d:\data\springcloud\project
d:\data\swagger
d:\data\swagger\css
d:\data\swagger\fonts
d:\data\swagger\images
d:\data\swagger\lang
d:\data\swagger\lib
d:\data\tmp
d:\data\tmp\zookeeper
d:\data\tmp\zookeeper\data
d:\data\tmp\zookeeper\data\logs
d:\data\tmp\zookeeper\data\logs\version-2
d:\data\tmp\zookeeper\data\version-2
发现3项匹配！
查找结束...请查看日志目录D:\chenyb\myproject\finally\doc\shell\jdk\project1\output\md5.log
md5s is [C3F4336893A84C4DBDDACB3ED4B614FA, A814A8F34E7F456B56A961D431D3635C, 2B53563BD76CA445053D92352952984E, d41d8cd98f00b204e9800998ecf8427e]
d:\data\.git
d:\data\.git\hooks
d:\data\.git\info
d:\data\.git\logs
d:\data\.git\logs\refs
d:\data\.git\logs\refs\heads
d:\data\.git\logs\refs\remotes
d:\data\.git\logs\refs\remotes\origin
d:\data\.git\objects
d:\data\.git\objects\01
d:\data\.git\objects\03
d:\data\.git\objects\05
d:\data\.git\objects\06
d:\data\.git\objects\0c
d:\data\.git\objects\13
d:\data\.git\objects\14
d:\data\.git\objects\16
d:\data\.git\objects\19
d:\data\.git\objects\1d
d:\data\.git\objects\25
d:\data\.git\objects\28
d:\data\.git\objects\29
d:\data\.git\objects\2a
d:\data\.git\objects\2b
d:\data\.git\objects\2c
d:\data\.git\objects\2e
d:\data\.git\objects\30
d:\data\.git\objects\32
d:\data\.git\objects\33
d:\data\.git\objects\34
d:\data\.git\objects\37
d:\data\.git\objects\38
d:\data\.git\objects\3c
d:\data\.git\objects\3f
d:\data\.git\objects\41
d:\data\.git\objects\42
d:\data\.git\objects\47
d:\data\.git\objects\48
d:\data\.git\objects\49
d:\data\.git\objects\4a
d:\data\.git\objects\4c
d:\data\.git\objects\50
d:\data\.git\objects\51
d:\data\.git\objects\53
d:\data\.git\objects\54
d:\data\.git\objects\57
d:\data\.git\objects\59
d:\data\.git\objects\5a
d:\data\.git\objects\5b
d:\data\.git\objects\60
d:\data\.git\objects\61
d:\data\.git\objects\62
d:\data\.git\objects\64
d:\data\.git\objects\66
d:\data\.git\objects\67
d:\data\.git\objects\68
d:\data\.git\objects\6b
d:\data\.git\objects\6d
d:\data\.git\objects\71
d:\data\.git\objects\73
d:\data\.git\objects\7c
d:\data\.git\objects\7d
d:\data\.git\objects\82
d:\data\.git\objects\84
d:\data\.git\objects\85
d:\data\.git\objects\88
d:\data\.git\objects\89
d:\data\.git\objects\8b
d:\data\.git\objects\8c
d:\data\.git\objects\8f
d:\data\.git\objects\90
d:\data\.git\objects\91
d:\data\.git\objects\92
d:\data\.git\objects\96
d:\data\.git\objects\97
d:\data\.git\objects\98
d:\data\.git\objects\9b
d:\data\.git\objects\9d
d:\data\.git\objects\a2
d:\data\.git\objects\a3
d:\data\.git\objects\a6
d:\data\.git\objects\a7
d:\data\.git\objects\ac
d:\data\.git\objects\b2
d:\data\.git\objects\b3
d:\data\.git\objects\b5
d:\data\.git\objects\ba
d:\data\.git\objects\bb
d:\data\.git\objects\bc
d:\data\.git\objects\bd
d:\data\.git\objects\c0
d:\data\.git\objects\c2
d:\data\.git\objects\c3
d:\data\.git\objects\c4
d:\data\.git\objects\c5
d:\data\.git\objects\c6
d:\data\.git\objects\ce
d:\data\.git\objects\d4
d:\data\.git\objects\d5
d:\data\.git\objects\d7
d:\data\.git\objects\d9
d:\data\.git\objects\dc
d:\data\.git\objects\dd
d:\data\.git\objects\df
d:\data\.git\objects\e0
d:\data\.git\objects\e1
d:\data\.git\objects\e2
d:\data\.git\objects\e3
d:\data\.git\objects\e5
d:\data\.git\objects\e9
d:\data\.git\objects\ed
d:\data\.git\objects\ef
d:\data\.git\objects\f2
d:\data\.git\objects\f3
d:\data\.git\objects\f5
d:\data\.git\objects\f9
d:\data\.git\objects\fa
d:\data\.git\objects\fc
d:\data\.git\objects\fe
d:\data\.git\objects\ff
d:\data\.git\objects\info
d:\data\.git\objects\pack
d:\data\.git\refs
d:\data\.git\refs\heads
d:\data\.git\refs\remotes
d:\data\.git\refs\remotes\origin
d:\data\.git\refs\tags
d:\data\agent
d:\data\cmd
d:\data\config
d:\data\config\nginx
d:\data\config\tomcat
d:\data\config\tomcat\config
d:\data\config\tomcat\config\Catalina
d:\data\config\tomcat\config\Catalina\localhost
d:\data\config\tomcat\config\Catalina\localhost\backup
d:\data\database
d:\data\db
d:\data\download
d:\data\lhug
d:\data\lib
d:\data\lib\dubbo
d:\data\lib\dubbo\spring
d:\data\lib\dubbo\spring\3.2.5
d:\data\lib\dubbo\spring\5.0.2
d:\data\logs
d:\data\md5
d:\data\plan
d:\data\report
d:\data\report\first
d:\data\report\gen
d:\data\report\second
d:\data\report\three
d:\data\springcloud
d:\data\springcloud\project
d:\data\swagger
d:\data\swagger\css
d:\data\swagger\fonts
d:\data\swagger\images
d:\data\swagger\lang
d:\data\swagger\lib
d:\data\tmp
d:\data\tmp\zookeeper
d:\data\tmp\zookeeper\data
d:\data\tmp\zookeeper\data\logs
d:\data\tmp\zookeeper\data\logs\version-2
d:\data\tmp\zookeeper\data\version-2
发现2项匹配！
查找结束...请查看日志目录D:\chenyb\myproject\finally\doc\shell\jdk\project1\output\md5.log
md5s is [C3F4336893A84C4DBDDACB3ED4B614FA, A814A8F34E7F456B56A961D431D3635C, 2B53563BD76CA445053D92352952984E, d41d8cd98f00b204e9800998ecf8427e]
d:\data\.git
d:\data\.git\hooks
d:\data\.git\info
d:\data\.git\logs
d:\data\.git\logs\refs
d:\data\.git\logs\refs\heads
d:\data\.git\logs\refs\remotes
d:\data\.git\logs\refs\remotes\origin
d:\data\.git\objects
d:\data\.git\objects\01
d:\data\.git\objects\03
d:\data\.git\objects\05
d:\data\.git\objects\06
d:\data\.git\objects\0c
d:\data\.git\objects\13
d:\data\.git\objects\14
d:\data\.git\objects\16
d:\data\.git\objects\19
d:\data\.git\objects\1d
d:\data\.git\objects\25
d:\data\.git\objects\28
d:\data\.git\objects\29
d:\data\.git\objects\2a
d:\data\.git\objects\2b
d:\data\.git\objects\2c
d:\data\.git\objects\2e
d:\data\.git\objects\30
d:\data\.git\objects\32
d:\data\.git\objects\33
d:\data\.git\objects\34
d:\data\.git\objects\37
d:\data\.git\objects\38
d:\data\.git\objects\3c
d:\data\.git\objects\3f
d:\data\.git\objects\41
d:\data\.git\objects\42
d:\data\.git\objects\47
d:\data\.git\objects\48
d:\data\.git\objects\49
d:\data\.git\objects\4a
d:\data\.git\objects\4c
d:\data\.git\objects\50
d:\data\.git\objects\51
d:\data\.git\objects\53
d:\data\.git\objects\54
d:\data\.git\objects\57
d:\data\.git\objects\59
d:\data\.git\objects\5a
d:\data\.git\objects\5b
d:\data\.git\objects\60
d:\data\.git\objects\61
d:\data\.git\objects\62
d:\data\.git\objects\64
d:\data\.git\objects\66
d:\data\.git\objects\67
d:\data\.git\objects\68
d:\data\.git\objects\6b
d:\data\.git\objects\6d
d:\data\.git\objects\71
d:\data\.git\objects\73
d:\data\.git\objects\7c
d:\data\.git\objects\7d
d:\data\.git\objects\82
d:\data\.git\objects\84
d:\data\.git\objects\85
d:\data\.git\objects\88
d:\data\.git\objects\89
d:\data\.git\objects\8b
d:\data\.git\objects\8c
d:\data\.git\objects\8f
d:\data\.git\objects\90
d:\data\.git\objects\91
d:\data\.git\objects\92
d:\data\.git\objects\96
d:\data\.git\objects\97
d:\data\.git\objects\98
d:\data\.git\objects\9b
d:\data\.git\objects\9d
d:\data\.git\objects\a2
d:\data\.git\objects\a3
d:\data\.git\objects\a6
d:\data\.git\objects\a7
d:\data\.git\objects\ac
d:\data\.git\objects\b2
d:\data\.git\objects\b3
d:\data\.git\objects\b5
d:\data\.git\objects\ba
d:\data\.git\objects\bb
d:\data\.git\objects\bc
d:\data\.git\objects\bd
d:\data\.git\objects\c0
d:\data\.git\objects\c2
d:\data\.git\objects\c3
d:\data\.git\objects\c4
d:\data\.git\objects\c5
d:\data\.git\objects\c6
d:\data\.git\objects\ce
d:\data\.git\objects\d4
d:\data\.git\objects\d5
d:\data\.git\objects\d7
d:\data\.git\objects\d9
d:\data\.git\objects\dc
d:\data\.git\objects\dd
d:\data\.git\objects\df
d:\data\.git\objects\e0
d:\data\.git\objects\e1
d:\data\.git\objects\e2
d:\data\.git\objects\e3
d:\data\.git\objects\e5
d:\data\.git\objects\e9
d:\data\.git\objects\ed
d:\data\.git\objects\ef
d:\data\.git\objects\f2
d:\data\.git\objects\f3
d:\data\.git\objects\f5
d:\data\.git\objects\f9
d:\data\.git\objects\fa
d:\data\.git\objects\fc
d:\data\.git\objects\fe
d:\data\.git\objects\ff
d:\data\.git\objects\info
d:\data\.git\objects\pack
d:\data\.git\refs
d:\data\.git\refs\heads
d:\data\.git\refs\remotes
d:\data\.git\refs\remotes\origin
d:\data\.git\refs\tags
d:\data\agent
d:\data\cmd
d:\data\config
d:\data\config\nginx
d:\data\config\tomcat
d:\data\config\tomcat\config
d:\data\config\tomcat\config\Catalina
d:\data\config\tomcat\config\Catalina\localhost
d:\data\config\tomcat\config\Catalina\localhost\backup
d:\data\database
d:\data\db
d:\data\download
d:\data\lhug
d:\data\lib
d:\data\lib\dubbo
d:\data\lib\dubbo\spring
d:\data\lib\dubbo\spring\3.2.5
d:\data\lib\dubbo\spring\5.0.2
d:\data\logs
d:\data\md5
d:\data\plan
d:\data\report
d:\data\report\first
d:\data\report\gen
d:\data\report\second
d:\data\report\three
d:\data\springcloud
d:\data\springcloud\project
d:\data\swagger
d:\data\swagger\css
d:\data\swagger\fonts
d:\data\swagger\images
d:\data\swagger\lang
d:\data\swagger\lib
d:\data\tmp
d:\data\tmp\zookeeper
d:\data\tmp\zookeeper\data
d:\data\tmp\zookeeper\data\logs
d:\data\tmp\zookeeper\data\logs\version-2
d:\data\tmp\zookeeper\data\version-2
发现2项匹配！
查找结束...请查看日志目录D:\chenyb\myproject\finally\doc\shell\jdk\project1\output\md5.log
md5s is [C3F4336893A84C4DBDDACB3ED4B614FA, A814A8F34E7F456B56A961D431D3635C, 2B53563BD76CA445053D92352952984E, d41d8cd98f00b204e9800998ecf8427e]
d:\data\.git
d:\data\.git\hooks
d:\data\.git\info
d:\data\.git\logs
d:\data\.git\logs\refs
d:\data\.git\logs\refs\heads
d:\data\.git\logs\refs\remotes
d:\data\.git\logs\refs\remotes\origin
d:\data\.git\objects
d:\data\.git\objects\01
d:\data\.git\objects\03
d:\data\.git\objects\05
d:\data\.git\objects\06
d:\data\.git\objects\0c
d:\data\.git\objects\13
d:\data\.git\objects\14
d:\data\.git\objects\16
d:\data\.git\objects\19
d:\data\.git\objects\1d
d:\data\.git\objects\25
d:\data\.git\objects\28
d:\data\.git\objects\29
d:\data\.git\objects\2a
d:\data\.git\objects\2b
d:\data\.git\objects\2c
d:\data\.git\objects\2e
d:\data\.git\objects\30
d:\data\.git\objects\32
d:\data\.git\objects\33
d:\data\.git\objects\34
d:\data\.git\objects\37
d:\data\.git\objects\38
d:\data\.git\objects\3c
d:\data\.git\objects\3f
d:\data\.git\objects\41
d:\data\.git\objects\42
d:\data\.git\objects\47
d:\data\.git\objects\48
d:\data\.git\objects\49
d:\data\.git\objects\4a
d:\data\.git\objects\4c
d:\data\.git\objects\50
d:\data\.git\objects\51
d:\data\.git\objects\53
d:\data\.git\objects\54
d:\data\.git\objects\57
d:\data\.git\objects\59
d:\data\.git\objects\5a
d:\data\.git\objects\5b
d:\data\.git\objects\60
d:\data\.git\objects\61
d:\data\.git\objects\62
d:\data\.git\objects\64
d:\data\.git\objects\66
d:\data\.git\objects\67
d:\data\.git\objects\68
d:\data\.git\objects\6b
d:\data\.git\objects\6d
d:\data\.git\objects\71
d:\data\.git\objects\73
d:\data\.git\objects\7c
d:\data\.git\objects\7d
d:\data\.git\objects\82
d:\data\.git\objects\84
d:\data\.git\objects\85
d:\data\.git\objects\88
d:\data\.git\objects\89
d:\data\.git\objects\8b
d:\data\.git\objects\8c
d:\data\.git\objects\8f
d:\data\.git\objects\90
d:\data\.git\objects\91
d:\data\.git\objects\92
d:\data\.git\objects\96
d:\data\.git\objects\97
d:\data\.git\objects\98
d:\data\.git\objects\9b
d:\data\.git\objects\9d
d:\data\.git\objects\a2
d:\data\.git\objects\a3
d:\data\.git\objects\a6
d:\data\.git\objects\a7
d:\data\.git\objects\ac
d:\data\.git\objects\b2
d:\data\.git\objects\b3
d:\data\.git\objects\b5
d:\data\.git\objects\ba
d:\data\.git\objects\bb
d:\data\.git\objects\bc
d:\data\.git\objects\bd
d:\data\.git\objects\c0
d:\data\.git\objects\c2
d:\data\.git\objects\c3
d:\data\.git\objects\c4
d:\data\.git\objects\c5
d:\data\.git\objects\c6
d:\data\.git\objects\ce
d:\data\.git\objects\d4
d:\data\.git\objects\d5
d:\data\.git\objects\d7
d:\data\.git\objects\d9
d:\data\.git\objects\dc
d:\data\.git\objects\dd
d:\data\.git\objects\df
d:\data\.git\objects\e0
d:\data\.git\objects\e1
d:\data\.git\objects\e2
d:\data\.git\objects\e3
d:\data\.git\objects\e5
d:\data\.git\objects\e9
d:\data\.git\objects\ed
d:\data\.git\objects\ef
d:\data\.git\objects\f2
d:\data\.git\objects\f3
d:\data\.git\objects\f5
d:\data\.git\objects\f9
d:\data\.git\objects\fa
d:\data\.git\objects\fc
d:\data\.git\objects\fe
d:\data\.git\objects\ff
d:\data\.git\objects\info
d:\data\.git\objects\pack
d:\data\.git\refs
d:\data\.git\refs\heads
d:\data\.git\refs\remotes
d:\data\.git\refs\remotes\origin
d:\data\.git\refs\tags
d:\data\agent
d:\data\cmd
d:\data\config
d:\data\config\nginx
d:\data\config\tomcat
d:\data\config\tomcat\config
d:\data\config\tomcat\config\Catalina
d:\data\config\tomcat\config\Catalina\localhost
d:\data\config\tomcat\config\Catalina\localhost\backup
d:\data\database
d:\data\db
d:\data\download
d:\data\lhug
d:\data\lib
d:\data\lib\dubbo
d:\data\lib\dubbo\spring
d:\data\lib\dubbo\spring\3.2.5
d:\data\lib\dubbo\spring\5.0.2
d:\data\logs
d:\data\md5
d:\data\plan
d:\data\report
d:\data\report\first
d:\data\report\gen
d:\data\report\second
d:\data\report\three
d:\data\springcloud
d:\data\springcloud\project
d:\data\swagger
d:\data\swagger\css
d:\data\swagger\fonts
d:\data\swagger\images
d:\data\swagger\lang
d:\data\swagger\lib
d:\data\tmp
d:\data\tmp\zookeeper
d:\data\tmp\zookeeper\data
d:\data\tmp\zookeeper\data\logs
d:\data\tmp\zookeeper\data\logs\version-2
d:\data\tmp\zookeeper\data\version-2
发现2项匹配！
查找结束...请查看日志目录D:\chenyb\myproject\finally\doc\shell\jdk\project1\output\md5.log
md5s is [C3F4336893A84C4DBDDACB3ED4B614FA, A814A8F34E7F456B56A961D431D3635C, 2B53563BD76CA445053D92352952984E, d41d8cd98f00b204e9800998ecf8427e]
d:\data\.git
d:\data\.git\hooks
d:\data\.git\info
d:\data\.git\logs
d:\data\.git\logs\refs
d:\data\.git\logs\refs\heads
d:\data\.git\logs\refs\remotes
d:\data\.git\logs\refs\remotes\origin
d:\data\.git\objects
d:\data\.git\objects\01
d:\data\.git\objects\03
d:\data\.git\objects\05
d:\data\.git\objects\06
d:\data\.git\objects\0c
d:\data\.git\objects\13
d:\data\.git\objects\14
d:\data\.git\objects\16
d:\data\.git\objects\19
d:\data\.git\objects\1d
d:\data\.git\objects\25
d:\data\.git\objects\28
d:\data\.git\objects\29
d:\data\.git\objects\2a
d:\data\.git\objects\2b
d:\data\.git\objects\2c
d:\data\.git\objects\2e
d:\data\.git\objects\30
d:\data\.git\objects\32
d:\data\.git\objects\33
d:\data\.git\objects\34
d:\data\.git\objects\37
d:\data\.git\objects\38
d:\data\.git\objects\3c
d:\data\.git\objects\3f
d:\data\.git\objects\41
d:\data\.git\objects\42
d:\data\.git\objects\47
d:\data\.git\objects\48
d:\data\.git\objects\49
d:\data\.git\objects\4a
d:\data\.git\objects\4c
d:\data\.git\objects\50
d:\data\.git\objects\51
d:\data\.git\objects\53
d:\data\.git\objects\54
d:\data\.git\objects\57
d:\data\.git\objects\59
d:\data\.git\objects\5a
d:\data\.git\objects\5b
d:\data\.git\objects\60
d:\data\.git\objects\61
d:\data\.git\objects\62
d:\data\.git\objects\64
d:\data\.git\objects\66
d:\data\.git\objects\67
d:\data\.git\objects\68
d:\data\.git\objects\6b
d:\data\.git\objects\6d
d:\data\.git\objects\71
d:\data\.git\objects\73
d:\data\.git\objects\7c
d:\data\.git\objects\7d
d:\data\.git\objects\82
d:\data\.git\objects\84
d:\data\.git\objects\85
d:\data\.git\objects\88
d:\data\.git\objects\89
d:\data\.git\objects\8b
d:\data\.git\objects\8c
d:\data\.git\objects\8f
d:\data\.git\objects\90
d:\data\.git\objects\91
d:\data\.git\objects\92
d:\data\.git\objects\96
d:\data\.git\objects\97
d:\data\.git\objects\98
d:\data\.git\objects\9b
d:\data\.git\objects\9d
d:\data\.git\objects\a2
d:\data\.git\objects\a3
d:\data\.git\objects\a6
d:\data\.git\objects\a7
d:\data\.git\objects\ac
d:\data\.git\objects\b2
d:\data\.git\objects\b3
d:\data\.git\objects\b5
d:\data\.git\objects\ba
d:\data\.git\objects\bb
d:\data\.git\objects\bc
d:\data\.git\objects\bd
d:\data\.git\objects\c0
d:\data\.git\objects\c2
d:\data\.git\objects\c3
d:\data\.git\objects\c4
d:\data\.git\objects\c5
d:\data\.git\objects\c6
d:\data\.git\objects\ce
d:\data\.git\objects\d4
d:\data\.git\objects\d5
d:\data\.git\objects\d7
d:\data\.git\objects\d9
d:\data\.git\objects\dc
d:\data\.git\objects\dd
d:\data\.git\objects\df
d:\data\.git\objects\e0
d:\data\.git\objects\e1
d:\data\.git\objects\e2
d:\data\.git\objects\e3
d:\data\.git\objects\e5
d:\data\.git\objects\e9
d:\data\.git\objects\ed
d:\data\.git\objects\ef
d:\data\.git\objects\f2
d:\data\.git\objects\f3
d:\data\.git\objects\f5
d:\data\.git\objects\f9
d:\data\.git\objects\fa
d:\data\.git\objects\fc
d:\data\.git\objects\fe
d:\data\.git\objects\ff
d:\data\.git\objects\info
d:\data\.git\objects\pack
d:\data\.git\refs
d:\data\.git\refs\heads
d:\data\.git\refs\remotes
d:\data\.git\refs\remotes\origin
d:\data\.git\refs\tags
d:\data\agent
d:\data\cmd
d:\data\config
d:\data\config\nginx
d:\data\config\tomcat
d:\data\config\tomcat\config
d:\data\config\tomcat\config\Catalina
d:\data\config\tomcat\config\Catalina\localhost
d:\data\config\tomcat\config\Catalina\localhost\backup
d:\data\database
d:\data\db
d:\data\download
d:\data\lhug
d:\data\lib
d:\data\lib\dubbo
d:\data\lib\dubbo\spring
d:\data\lib\dubbo\spring\3.2.5
d:\data\lib\dubbo\spring\5.0.2
d:\data\logs
d:\data\md5
d:\data\plan
d:\data\report
d:\data\report\first
d:\data\report\gen
d:\data\report\second
d:\data\report\three
d:\data\springcloud
d:\data\springcloud\project
d:\data\swagger
d:\data\swagger\css
d:\data\swagger\fonts
d:\data\swagger\images
d:\data\swagger\lang
d:\data\swagger\lib
d:\data\tmp
d:\data\tmp\zookeeper
d:\data\tmp\zookeeper\data
d:\data\tmp\zookeeper\data\logs
d:\data\tmp\zookeeper\data\logs\version-2
d:\data\tmp\zookeeper\data\version-2
发现2项匹配！
查找结束...
